[debug] [2023-09-14T17:48:40.099Z] ----------------------------------------------------------------------
[debug] [2023-09-14T17:48:40.106Z] Command:       C:\Program Files\nodejs\node.exe C:\Users\HP\AppData\Roaming\npm\node_modules\firebase-tools\lib\bin\firebase.js init
[debug] [2023-09-14T17:48:40.107Z] CLI Version:   12.5.4
[debug] [2023-09-14T17:48:40.108Z] Platform:      win32
[debug] [2023-09-14T17:48:40.109Z] Node Version:  v18.15.0
[debug] [2023-09-14T17:48:40.113Z] Time:          Thu Sep 14 2023 18:48:40 GMT+0100 (GMT+01:00)
[debug] [2023-09-14T17:48:40.113Z] ----------------------------------------------------------------------
[debug] 
[debug] [2023-09-14T17:48:40.303Z] > command requires scopes: ["email","openid","https://www.googleapis.com/auth/cloudplatformprojects.readonly","https://www.googleapis.com/auth/firebase","https://www.googleapis.com/auth/cloud-platform"]
[debug] [2023-09-14T17:48:40.303Z] > authorizing via signed-in user (adegbitemoyomade2004@gmail.com)
[info] 
     ######## #### ########  ######## ########     ###     ######  ########
     ##        ##  ##     ## ##       ##     ##  ##   ##  ##       ##
     ######    ##  ########  ######   ########  #########  ######  ######
     ##        ##  ##    ##  ##       ##     ## ##     ##       ## ##
     ##       #### ##     ## ######## ########  ##     ##  ######  ########

You're about to initialize a Firebase project in this directory:

  C:\Users\HP

Before we get started, keep in mind:

  * You are initializing within an existing Firebase project directory

[info] 
=== Project Setup
[info] 
[info] First, let's associate this project directory with a Firebase project.
[info] You can create multiple project aliases by running firebase use --add, 
[info] but for now we'll just set up a default project.
[info] 
[debug] [2023-09-14T17:49:08.182Z] Using project from CLI flag: portfolio-website-6dae5
[debug] [2023-09-14T17:49:08.186Z] > refreshing access token with scopes: []
[debug] [2023-09-14T17:49:08.193Z] >>> [apiv2][query] POST https://www.googleapis.com/oauth2/v3/token [none]
[debug] [2023-09-14T17:49:08.194Z] >>> [apiv2][body] POST https://www.googleapis.com/oauth2/v3/token [omitted]
[debug] [2023-09-14T17:49:20.333Z] *** [apiv2] error from fetch(https://www.googleapis.com/oauth2/v3/token, {"headers":{},"method":"POST","body":{"_overheadLength":545,"_valueLength":212,"_valuesToMeasure":[],"writable":false,"readable":true,"dataSize":0,"maxDataSize":2097152,"pauseStreams":true,"_released":true,"_streams":[],"_currentStream":null,"_insideLoop":false,"_pendingNext":false,"_boundary":"--------------------------102933319385166779422814","_events":{},"_eventsCount":1}}): FetchError: request to https://www.googleapis.com/oauth2/v3/token failed, reason: getaddrinfo ENOTFOUND www.googleapis.com
[debug] [2023-09-14T17:49:20.333Z] Authentication Error: Your credentials are no longer valid. Please run firebase login --reauth

For CI servers and headless environments, generate a new token with firebase login:ci
[debug] [2023-09-14T17:49:25.349Z] Error: Timed out.
    at Timeout._onTimeout (C:\Users\HP\AppData\Roaming\npm\node_modules\firebase-tools\lib\utils.js:254:49)
    at listOnTimeout (node:internal/timers:569:17)
    at process.processTimers (node:internal/timers:512:7)
[error] 
[error] Error: An unexpected error has occurred.
